#
# There is insufficient memory for the Java Runtime Environment to continue.
# Native memory allocation (mmap) failed to map 268435456 bytes for Failed to commit area from 0x0000000700e00000 to 0x0000000710e00000 of length 268435456.
# Possible reasons:
#   The system is out of physical RAM or swap space
#   The process is running with CompressedOops enabled, and the Java Heap may be blocking the growth of the native heap
# Possible solutions:
#   Reduce memory load on the system
#   Increase physical memory or swap space
#   Check if swap backing store is full
#   Decrease Java heap size (-Xmx/-Xms)
#   Decrease number of Java threads
#   Decrease Java thread stack sizes (-Xss)
#   Set larger code cache with -XX:ReservedCodeCacheSize=
# This output file may be truncated or incomplete.
#
#  Out of Memory Error (./src/hotspot/os/windows/os_windows.cpp:3624), pid=18376, tid=21696
#
# JRE version:  (11.0.14.1+1) (build )
# Java VM: OpenJDK 64-Bit Server VM (11.0.14.1+1-b1751.46, mixed mode, sharing, tiered, compressed oops, g1 gc, windows-amd64)
# No core dump will be written. Minidumps are not enabled by default on client versions of Windows
#

---------------  S U M M A R Y ------------

Command Line: git4idea.http.GitAskPassApp Username for 'https://github.com': 

Host: Intel(R) Core(TM) i7-7700 CPU @ 3.60GHz, 8 cores, 15G,  Windows 10 , 64 bit Build 19041 (10.0.19041.1645)
Time: Mon May 23 13:12:01 2022 中国标准时间 elapsed time: 0.021083 seconds (0d 0h 0m 0s)

---------------  T H R E A D  ---------------

Current thread (0x000001ce15aeb800):  JavaThread "Unknown thread" [_thread_in_vm, id=21696, stack(0x000000145fd00000,0x000000145fe00000)]

Stack: [0x000000145fd00000,0x000000145fe00000]
Native frames: (J=compiled Java code, j=interpreted, Vv=VM code, C=native code)
V  [jvm.dll+0x61601a]
V  [jvm.dll+0x79c3b0]
V  [jvm.dll+0x79d9cd]
V  [jvm.dll+0x79e0a3]
V  [jvm.dll+0x24ca38]
V  [jvm.dll+0x613074]
V  [jvm.dll+0x607d75]
V  [jvm.dll+0x30b05b]
V  [jvm.dll+0x30afca]
V  [jvm.dll+0x30aea2]
V  [jvm.dll+0x30fde6]
V  [jvm.dll+0x35b473]
V  [jvm.dll+0x35bb76]
V  [jvm.dll+0x35b573]
V  [jvm.dll+0x2e57b8]
V  [jvm.dll+0x2e6967]
V  [jvm.dll+0x779377]
V  [jvm.dll+0x77ab6c]
V  [jvm.dll+0x368a19]
V  [jvm.dll+0x75ce8e]
V  [jvm.dll+0x3d6aa3]
V  [jvm.dll+0x3d8ff1]
C  [jli.dll+0x536b]
C  [ucrtbase.dll+0x21bb2]
C  [KERNEL32.DLL+0x17034]
C  [ntdll.dll+0x52651]


---------------  P R O C E S S  ---------------

Threads class SMR info:
_java_thread_list=0x000001ce159d9490, length=0, elements={
}

Java Threads: ( => current thread )

Other Threads:
  0x000001ce15b06800 GCTaskThread "GC Thread#0" [stack: 0x000000145fe00000,0x000000145ff00000] [id=20472]
  0x000001ce15b65000 ConcurrentGCThread "G1 Main Marker" [stack: 0x000000145ff00000,0x0000001460000000] [id=4612]
  0x000001ce15b67000 ConcurrentGCThread "G1 Conc#0" [stack: 0x0000001460000000,0x0000001460100000] [id=22260]

[error occurred during error reporting (printing all threads), id 0xc0000005, EXCEPTION_ACCESS_VIOLATION (0xc0000005) at pc=0x00007ffb5d175f37]

VM state:not at safepoint (not fully initialized)

VM Mutex/Monitor currently owned by a thread:  ([mutex/lock_event])
[0x000001ce15ae8940] Heap_lock - owner thread: 0x000001ce15aeb800

Heap address: 0x0000000700e00000, size: 4082 MB, Compressed Oops mode: Non-zero based: 0x0000000700e00000
Narrow klass base: 0x0000000000000000, Narrow klass shift: 0

GC Heap History (0 events):
No events

Deoptimization events (0 events):
No events

Classes redefined (0 events):
No events

Internal exceptions (0 events):
No events

Events (1 events):
Event: 0.012 Loaded shared library D:\idea\IntelliJ IDEA 2021.3.3\jbr\bin\zip.dll


Dynamic libraries:
0x00007ff61f9d0000 - 0x00007ff61f9da000 	D:\idea\IntelliJ IDEA 2021.3.3\jbr\bin\java.exe
0x00007ffb96f30000 - 0x00007ffb97125000 	C:\Windows\SYSTEM32\ntdll.dll
0x00007ffb94fb0000 - 0x00007ffb9506e000 	C:\Windows\System32\KERNEL32.DLL
0x00007ffb946e0000 - 0x00007ffb949a8000 	C:\Windows\System32\KERNELBASE.dll
0x00007ffb94df0000 - 0x00007ffb94ef0000 	C:\Windows\System32\ucrtbase.dll
0x00007ffb80070000 - 0x00007ffb80089000 	D:\idea\IntelliJ IDEA 2021.3.3\jbr\bin\jli.dll
0x00007ffb7d5d0000 - 0x00007ffb7d5e6000 	D:\idea\IntelliJ IDEA 2021.3.3\jbr\bin\VCRUNTIME140.dll
0x00007ffb964f0000 - 0x00007ffb96690000 	C:\Windows\System32\USER32.dll
0x00007ffb949b0000 - 0x00007ffb949d2000 	C:\Windows\System32\win32u.dll
0x00007ffb95e80000 - 0x00007ffb95eaa000 	C:\Windows\System32\GDI32.dll
0x00007ffb7c400000 - 0x00007ffb7c69a000 	C:\Windows\WinSxS\amd64_microsoft.windows.common-controls_6595b64144ccf1df_6.0.19041.1110_none_60b5254171f9507e\COMCTL32.dll
0x00007ffb94b80000 - 0x00007ffb94c8b000 	C:\Windows\System32\gdi32full.dll
0x00007ffb963f0000 - 0x00007ffb9648e000 	C:\Windows\System32\msvcrt.dll
0x00007ffb94ef0000 - 0x00007ffb94f8d000 	C:\Windows\System32\msvcp_win.dll
0x00007ffb96d70000 - 0x00007ffb96da0000 	C:\Windows\System32\IMM32.DLL
0x0000000057520000 - 0x000000005752c000 	C:\Program Files (x86)\360\360Safe\safemon\SafeWrapper.dll
0x00007ffb96210000 - 0x00007ffb962be000 	C:\Windows\System32\ADVAPI32.dll
0x00007ffb96b30000 - 0x00007ffb96bcc000 	C:\Windows\System32\sechost.dll
0x00007ffb962c0000 - 0x00007ffb963e5000 	C:\Windows\System32\RPCRT4.dll
0x00007ffb821a0000 - 0x00007ffb82232000 	C:\Program Files (x86)\360\360Safe\safemon\libzdtp64.dll
0x00007ffb95070000 - 0x00007ffb957b4000 	C:\Windows\System32\SHELL32.dll
0x00007ffb96e80000 - 0x00007ffb96ed5000 	C:\Windows\System32\SHLWAPI.dll
0x00007ffb941e0000 - 0x00007ffb941ea000 	C:\Windows\SYSTEM32\VERSION.dll
0x00007ffb6e470000 - 0x00007ffb6e51a000 	D:\idea\IntelliJ IDEA 2021.3.3\jbr\bin\msvcp140.dll
0x00007ffb5ce80000 - 0x00007ffb5d9fa000 	D:\idea\IntelliJ IDEA 2021.3.3\jbr\bin\server\jvm.dll
0x00007ffb96ee0000 - 0x00007ffb96ee8000 	C:\Windows\System32\PSAPI.DLL
0x00007ffb88df0000 - 0x00007ffb88e17000 	C:\Windows\SYSTEM32\WINMM.dll
0x00007ffb8cb60000 - 0x00007ffb8cb69000 	C:\Windows\SYSTEM32\WSOCK32.dll
0x00007ffb96a30000 - 0x00007ffb96a9b000 	C:\Windows\System32\WS2_32.dll
0x00007ffb92520000 - 0x00007ffb92532000 	C:\Windows\SYSTEM32\kernel.appcore.dll
0x00007ffb800e0000 - 0x00007ffb800f1000 	D:\idea\IntelliJ IDEA 2021.3.3\jbr\bin\verify.dll
0x00007ffb80ce0000 - 0x00007ffb80ec4000 	C:\Windows\SYSTEM32\DBGHELP.DLL
0x00007ffb80910000 - 0x00007ffb8093c000 	C:\Windows\SYSTEM32\dbgcore.DLL
0x00007ffb94650000 - 0x00007ffb946d2000 	C:\Windows\System32\bcryptPrimitives.dll
0x00007ffb800b0000 - 0x00007ffb800d9000 	D:\idea\IntelliJ IDEA 2021.3.3\jbr\bin\java.dll
0x00007ffb800a0000 - 0x00007ffb800ab000 	D:\idea\IntelliJ IDEA 2021.3.3\jbr\bin\jimage.dll
0x00007ffb80050000 - 0x00007ffb80069000 	D:\idea\IntelliJ IDEA 2021.3.3\jbr\bin\zip.dll

dbghelp: loaded successfully - version: 4.0.5 - missing functions: none
symbol engine: initialized successfully - sym options: 0x614 - pdb path: .;D:\idea\IntelliJ IDEA 2021.3.3\jbr\bin;C:\Windows\SYSTEM32;C:\Windows\WinSxS\amd64_microsoft.windows.common-controls_6595b64144ccf1df_6.0.19041.1110_none_60b5254171f9507e;C:\Program Files (x86)\360\360Safe\safemon;D:\idea\IntelliJ IDEA 2021.3.3\jbr\bin\server

VM Arguments:
java_command: git4idea.http.GitAskPassApp Username for 'https://github.com': 
java_class_path (initial): D:/idea/IntelliJ IDEA 2021.3.3/plugins/git4idea/lib/git4idea-rt.jar;D:/idea/IntelliJ IDEA 2021.3.3/lib/3rd-party.jar;D:/idea/IntelliJ IDEA 2021.3.3/lib/3rd-party-rt.jar
Launcher Type: SUN_STANDARD

[Global flags]
     intx CICompilerCount                          = 4                                         {product} {ergonomic}
     uint ConcGCThreads                            = 2                                         {product} {ergonomic}
     uint G1ConcRefinementThreads                  = 8                                         {product} {ergonomic}
   size_t G1HeapRegionSize                         = 1048576                                   {product} {ergonomic}
    uintx GCDrainStackTargetSize                   = 64                                        {product} {ergonomic}
   size_t InitialHeapSize                          = 268435456                                 {product} {ergonomic}
   size_t MarkStackSize                            = 4194304                                   {product} {ergonomic}
   size_t MaxHeapSize                              = 4280287232                                {product} {ergonomic}
   size_t MinHeapDeltaBytes                        = 1048576                                   {product} {ergonomic}
    uintx NonNMethodCodeHeapSize                   = 5836300                                {pd product} {ergonomic}
    uintx NonProfiledCodeHeapSize                  = 122910970                              {pd product} {ergonomic}
    uintx ProfiledCodeHeapSize                     = 122910970                              {pd product} {ergonomic}
    uintx ReservedCodeCacheSize                    = 251658240                              {pd product} {ergonomic}
     bool SegmentedCodeCache                       = true                                      {product} {ergonomic}
     bool UseCompressedClassPointers               = true                                 {lp64_product} {ergonomic}
     bool UseCompressedOops                        = true                                 {lp64_product} {ergonomic}
     bool UseG1GC                                  = true                                      {product} {ergonomic}
     bool UseLargePagesIndividualAllocation        = false                                  {pd product} {ergonomic}

Logging:
Log output configuration:
 #0: stdout all=warning uptime,level,tags
 #1: stderr all=off uptime,level,tags

Environment Variables:
JAVA_HOME=C:\Program Files (x86)\Java\jdk1.8.0_321
CLASSPATH=.;C:\Program Files (x86)\Java\jdk1.8.0_321\lib\dt.jar;C:\Program Files (x86)\Java\jdk1.8.0_321\lib\tools.jar
PATH=D:/gitInfo/Git/mingw64/libexec/git-core;D:/gitInfo/Git/mingw64/libexec/git-core;D:\gitInfo\Git\mingw64\bin;D:\gitInfo\Git\usr\bin;C:\Users\Administrator\bin;C:\Program Files (x86)\Common Files\Oracle\Java\javapath;C:\Windows\system32;C:\Windows;C:\Windows\System32\Wbem;C:\Windows\System32\WindowsPowerShell\v1.0\;C:\Windows\System32\OpenSSH\;C:\Program Files (x86)\Java\jdk1.8.0_321\bin;C:\Program Files (x86)\Java\jdk1.8.0_321\jre\bin;C:\Program Files\MySQL\MySQL Utilities 1.6\;D:\apache-maven-3.6.1\bin;D:\gitInfo\Git\cmd;D:\nodejs\node-v16.13.1-win-x64\node_global;D:\nodejs\node-v16.13.1-win-x64;D:\nodejs\node-v16.13.1-win-x64\node_modules;C:\Users\Administrator\AppData\Local\Microsoft\WindowsApps
USERNAME=Administrator
DISPLAY=:0.0
LC_ALL=en_US.UTF-8
OS=Windows_NT
PROCESSOR_IDENTIFIER=Intel64 Family 6 Model 158 Stepping 9, GenuineIntel



---------------  S Y S T E M  ---------------

OS: Windows 10 , 64 bit Build 19041 (10.0.19041.1645)
OS uptime: 14 days 13:41 hours

CPU:total 8 (initial active 8) (4 cores per cpu, 2 threads per core) family 6 model 158 stepping 9 microcode 0xb4, cmov, cx8, fxsr, mmx, sse, sse2, sse3, ssse3, sse4.1, sse4.2, popcnt, avx, avx2, aes, clmul, erms, rtm, 3dnowpref, lzcnt, ht, tsc, tscinvbit, bmi1, bmi2, adx, fma

Memory: 4k page, system-wide physical 16321M (4844M free)
TotalPageFile size 24001M (AvailPageFile size 167M)
current process WorkingSet (physical memory assigned to process): 11M, peak: 11M
current process commit charge ("private bytes"): 61M, peak: 316M

vm_info: OpenJDK 64-Bit Server VM (11.0.14.1+1-b1751.46) for windows-amd64 JRE (11.0.14.1+1-b1751.46), built on Feb 21 2022 15:19:20 by "" with MS VC++ 14.0 (VS2015)

END.
